<?xml version="1.0" encoding="UTF-8"?>
<testng-results ignored="0" total="1" passed="1" failed="0" skipped="0">
  <reporter-output>
  </reporter-output>
  <suite started-at="2022-08-14T14:32:32 CDT" name="Default suite" finished-at="2022-08-14T14:32:44 CDT" duration-ms="11699">
    <groups>
    </groups>
    <test started-at="2022-08-14T14:32:32 CDT" name="Default test" finished-at="2022-08-14T14:32:44 CDT" duration-ms="11699">
      <class name="test.AddContact">
        <test-method signature="validCustomerShouldBeAbleToAddCustomer()[pri:0, instance:test.AddContact@2445445a]" started-at="2022-08-14T14:32:32 CDT" name="validCustomerShouldBeAbleToAddCustomer" finished-at="2022-08-14T14:32:44 CDT" duration-ms="11647" status="PASS">
          <reporter-output>
          </reporter-output>
        </test-method> <!-- validCustomerShouldBeAbleToAddCustomer -->
      </class> <!-- test.AddContact -->
    </test> <!-- Default test -->
  </suite> <!-- Default suite -->
</testng-results>
